SF:./core/lib\data\datasources\db\database_helper.dart
DA:8,2
DA:12,4
DA:16,2
DA:17,2
DA:24,2
DA:25,2
DA:26,2
DA:28,2
DA:31,2
DA:32,2
DA:37,1
DA:38,1
DA:46,1
DA:56,0
DA:57,0
DA:58,0
DA:69,1
DA:70,1
DA:71,1
DA:74,1
DA:75,1
DA:76,1
DA:79,2
DA:83,1
DA:84,1
DA:85,1
DA:88,1
DA:91,1
DA:92,1
DA:98,1
DA:99,1
DA:100,1
DA:105,1
DA:106,1
DA:107,1
DA:110,1
DA:111,1
DA:112,1
DA:115,2
DA:119,1
DA:120,1
DA:121,1
DA:124,1
DA:127,1
DA:128,1
DA:134,1
DA:135,1
DA:136,1
DA:141,2
DA:142,2
DA:143,2
LF:51
LH:48
end_of_record
SF:./core/lib\styles\text_styles.dart
DA:5,3
DA:9,3
DA:14,3
DA:19,3
DA:26,3
DA:27,1
DA:28,1
DA:29,1
DA:30,1
LF:9
LH:9
end_of_record
SF:./movie/lib\data\datasources\movie_local_data_source.dart
DA:18,1
DA:20,1
DA:23,3
DA:26,2
DA:30,1
DA:33,3
DA:36,2
DA:40,1
DA:42,2
DA:44,1
DA:50,1
DA:52,2
DA:53,4
LF:13
LH:13
end_of_record
SF:./movie/lib\data\models\movie_table.dart
DA:11,2
DA:18,2
DA:19,1
DA:20,1
DA:21,1
DA:22,1
DA:25,2
DA:26,1
DA:27,1
DA:28,1
DA:29,1
DA:32,2
DA:33,1
DA:34,1
DA:35,1
DA:36,1
DA:39,2
DA:40,1
DA:41,1
DA:42,1
DA:43,1
DA:46,2
DA:47,10
LF:23
LH:23
end_of_record
SF:./movie/lib\domain\entities\movie.dart
DA:4,12
DA:20,1
DA:49,7
DA:50,7
DA:51,7
DA:52,7
DA:53,7
DA:54,7
DA:55,7
DA:56,7
DA:57,7
DA:58,7
DA:59,7
DA:60,7
DA:61,7
DA:62,7
DA:63,7
LF:17
LH:17
end_of_record
SF:./movie/lib\domain\entities\movie_detail.dart
DA:5,9
DA:33,2
DA:34,2
DA:35,2
DA:36,2
DA:37,2
DA:38,2
DA:39,2
DA:40,2
DA:41,2
DA:42,2
DA:43,2
DA:44,2
DA:45,2
LF:14
LH:14
end_of_record
SF:./movie/lib\data\datasources\movie_remote_data_source.dart
DA:29,1
DA:31,1
DA:33,2
DA:34,1
DA:37,2
DA:38,4
DA:40,1
DA:44,1
DA:46,4
DA:48,2
DA:49,3
DA:51,1
DA:55,1
DA:57,2
DA:58,2
DA:61,2
DA:62,4
DA:64,1
DA:68,1
DA:70,2
DA:71,1
DA:74,2
DA:75,4
DA:77,1
DA:81,1
DA:83,2
DA:84,1
DA:87,2
DA:88,4
DA:90,1
DA:94,1
DA:96,2
DA:97,2
DA:100,2
DA:101,4
DA:103,1
LF:36
LH:36
end_of_record
SF:./movie/lib\data\models\movie_detail_model.dart
DA:6,3
DA:52,2
DA:53,2
DA:54,2
DA:55,2
DA:56,2
DA:57,2
DA:58,8
DA:60,2
DA:61,2
DA:62,2
DA:63,2
DA:64,2
DA:65,2
DA:66,4
DA:67,2
DA:68,2
DA:69,2
DA:70,2
DA:71,2
DA:72,2
DA:73,2
DA:74,2
DA:75,4
DA:76,2
DA:79,2
DA:80,1
DA:81,1
DA:82,1
DA:83,5
DA:84,1
DA:85,1
DA:86,1
DA:87,1
DA:88,1
DA:89,1
DA:90,1
DA:91,1
DA:92,1
DA:93,1
DA:94,1
DA:95,1
DA:96,1
DA:97,1
DA:98,1
DA:99,1
DA:100,1
DA:103,1
DA:104,1
DA:105,1
DA:106,1
DA:107,5
DA:108,1
DA:109,1
DA:110,1
DA:111,1
DA:112,1
DA:113,1
DA:114,1
DA:115,1
DA:116,1
DA:120,2
DA:121,2
DA:122,2
DA:123,2
DA:124,2
DA:125,2
DA:126,2
DA:127,2
DA:128,2
DA:129,2
DA:130,2
DA:131,2
DA:132,2
DA:133,2
DA:134,2
DA:135,2
DA:136,2
DA:137,2
DA:138,2
DA:139,2
DA:140,2
DA:141,2
DA:142,2
LF:84
LH:84
end_of_record
SF:./movie/lib\data\models\movie_model.dart
DA:5,4
DA:35,4
DA:36,2
DA:37,2
DA:38,8
DA:39,2
DA:40,2
DA:41,2
DA:42,4
DA:43,2
DA:44,2
DA:45,2
DA:46,2
DA:47,4
DA:48,2
DA:51,2
DA:52,1
DA:53,1
DA:54,4
DA:55,1
DA:56,1
DA:57,1
DA:58,1
DA:59,1
DA:60,1
DA:61,1
DA:62,1
DA:63,1
DA:64,1
DA:67,2
DA:68,2
DA:69,2
DA:70,2
DA:71,2
DA:72,2
DA:73,2
DA:74,2
DA:75,2
DA:76,2
DA:77,2
DA:78,2
DA:79,2
DA:80,2
DA:81,2
DA:85,2
DA:86,2
DA:87,2
DA:88,2
DA:89,2
DA:90,2
DA:91,2
DA:92,2
DA:93,2
DA:94,2
DA:95,2
DA:96,2
DA:97,2
DA:98,2
DA:99,2
LF:59
LH:59
end_of_record
SF:./movie/lib\data\models\movie_response.dart
DA:7,2
DA:9,4
DA:10,2
DA:11,2
DA:12,6
DA:13,6
DA:17,2
DA:18,5
DA:21,1
DA:22,2
LF:10
LH:10
end_of_record
SF:./movie/lib\data\repositories\movie_repository_impl.dart
DA:17,1
DA:22,1
DA:25,2
DA:26,5
DA:27,1
DA:28,2
DA:29,1
DA:30,2
DA:34,1
DA:37,2
DA:38,2
DA:39,1
DA:40,2
DA:41,1
DA:42,2
DA:46,1
DA:49,2
DA:50,3
DA:51,1
DA:52,2
DA:53,1
DA:54,2
DA:58,1
DA:61,2
DA:62,5
DA:63,1
DA:64,2
DA:65,1
DA:66,2
DA:70,1
DA:73,2
DA:74,5
DA:75,1
DA:76,2
DA:77,1
DA:78,2
DA:82,1
DA:85,2
DA:86,5
DA:87,1
DA:88,2
DA:89,1
DA:90,2
DA:94,1
DA:97,2
DA:98,1
DA:100,1
DA:101,1
DA:102,3
DA:108,1
DA:111,2
DA:112,1
DA:114,1
DA:115,1
DA:116,3
DA:120,1
DA:122,2
DA:126,1
DA:128,2
DA:129,5
LF:60
LH:60
end_of_record
SF:./movie/lib\domain\usecases\get_movie_detail.dart
DA:9,1
DA:11,1
DA:12,2
LF:3
LH:3
end_of_record
SF:./movie/lib\domain\usecases\get_movie_recommendations.dart
DA:9,1
DA:11,1
DA:12,2
LF:3
LH:3
end_of_record
SF:./movie/lib\domain\usecases\get_now_playing_movies.dart
DA:9,1
DA:11,1
DA:12,2
LF:3
LH:3
end_of_record
SF:./movie/lib\domain\usecases\get_popular_movies.dart
DA:9,1
DA:11,1
DA:12,2
LF:3
LH:3
end_of_record
SF:./movie/lib\domain\usecases\get_top_rated_movies.dart
DA:9,1
DA:11,1
DA:12,2
LF:3
LH:3
end_of_record
SF:./movie/lib\domain\usecases\get_watchlist_movies.dart
DA:9,1
DA:11,1
DA:12,2
LF:3
LH:3
end_of_record
SF:./movie/lib\domain\usecases\get_watchlist_status.dart
DA:6,1
DA:8,1
DA:9,2
LF:3
LH:3
end_of_record
SF:./movie/lib\domain\usecases\remove_watchlist.dart
DA:9,1
DA:11,1
DA:12,2
LF:3
LH:3
end_of_record
SF:./movie/lib\domain\usecases\save_watchlist.dart
DA:9,1
DA:11,1
DA:12,2
LF:3
LH:3
end_of_record
SF:./movie/lib\presentation\bloc\now_playing_movies_state.dart
DA:4,1
DA:6,1
DA:7,1
DA:17,1
DA:19,1
DA:20,2
DA:26,1
DA:28,1
DA:29,2
LF:9
LH:9
end_of_record
SF:./movie/lib\presentation\bloc\now_playing_movies_bloc.dart
DA:12,3
DA:13,2
DA:14,2
DA:15,2
DA:16,1
DA:17,4
DA:18,3
LF:7
LH:7
end_of_record
SF:./movie/lib\presentation\bloc\now_playing_movies_event.dart
DA:4,2
DA:6,1
DA:7,1
LF:3
LH:3
end_of_record
SF:./movie/lib\presentation\bloc\popular_movies_state.dart
DA:4,2
DA:6,1
DA:7,1
DA:17,2
DA:19,1
DA:20,2
DA:26,2
DA:28,1
DA:29,2
LF:9
LH:9
end_of_record
SF:./movie/lib\presentation\bloc\popular_movies_bloc.dart
DA:12,3
DA:13,2
DA:14,2
DA:15,2
DA:16,1
DA:17,4
DA:18,3
LF:7
LH:7
end_of_record
SF:./movie/lib\presentation\bloc\popular_movies_event.dart
DA:4,3
DA:6,1
DA:7,1
LF:3
LH:3
end_of_record
SF:./movie/lib\presentation\bloc\top_rated_movies_bloc.dart
DA:12,3
DA:13,2
DA:14,2
DA:15,2
DA:16,1
DA:17,4
DA:18,3
LF:7
LH:7
end_of_record
SF:./movie/lib\presentation\bloc\top_rated_movies_event.dart
DA:4,3
DA:6,1
DA:7,1
LF:3
LH:3
end_of_record
SF:./movie/lib\presentation\bloc\top_rated_movies_state.dart
DA:4,2
DA:6,1
DA:7,1
DA:17,2
DA:19,1
DA:20,2
DA:26,2
DA:28,1
DA:29,2
LF:9
LH:9
end_of_record
SF:./movie/lib\presentation\bloc\watchlist_movies_bloc.dart
DA:12,3
DA:13,2
DA:14,2
DA:15,2
DA:16,1
DA:17,4
DA:18,3
LF:7
LH:7
end_of_record
SF:./movie/lib\presentation\bloc\watchlist_movies_state.dart
DA:4,1
DA:6,1
DA:7,1
DA:17,1
DA:19,1
DA:20,2
DA:26,1
DA:28,1
DA:29,2
LF:9
LH:9
end_of_record
SF:./movie/lib\presentation\bloc\watchlist_movies_event.dart
DA:4,2
DA:6,1
DA:7,1
LF:3
LH:3
end_of_record
SF:./movie/lib\presentation\bloc\movie_detail_state.dart
DA:4,3
DA:6,1
DA:7,1
DA:17,2
DA:19,1
DA:20,2
DA:26,3
DA:28,1
DA:29,2
LF:9
LH:9
end_of_record
SF:./movie/lib\presentation\bloc\movie_detail_event.dart
DA:4,4
DA:6,0
DA:7,0
DA:13,4
DA:15,1
DA:16,2
LF:6
LH:4
end_of_record
SF:./movie/lib\presentation\bloc\movie_detail_bloc.dart
DA:12,3
DA:13,2
DA:14,2
DA:15,3
DA:16,1
DA:17,4
DA:18,3
LF:7
LH:7
end_of_record
SF:./movie/lib\presentation\bloc\movie_recommendations_bloc.dart
DA:12,3
DA:13,2
DA:14,2
DA:15,3
DA:16,1
DA:17,4
DA:18,3
LF:7
LH:7
end_of_record
SF:./movie/lib\presentation\bloc\movie_recommendations_state.dart
DA:4,3
DA:6,1
DA:7,1
DA:17,3
DA:19,1
DA:20,2
DA:26,2
DA:28,1
DA:29,2
LF:9
LH:9
end_of_record
SF:./movie/lib\presentation\bloc\movie_recommendations_event.dart
DA:4,4
DA:6,0
DA:7,0
DA:13,4
DA:15,1
DA:16,2
LF:6
LH:4
end_of_record
SF:./movie/lib\presentation\bloc\movie_watchlist_event.dart
DA:4,4
DA:6,0
DA:7,0
DA:13,4
DA:15,1
DA:16,2
DA:22,3
DA:24,1
DA:25,2
DA:31,3
DA:33,1
DA:34,2
LF:12
LH:10
end_of_record
SF:./movie/lib\presentation\bloc\movie_watchlist_bloc.dart
DA:19,1
DA:23,2
DA:24,2
DA:25,3
DA:26,2
DA:29,2
DA:30,3
DA:31,1
DA:32,4
DA:33,3
DA:35,4
DA:38,2
DA:39,3
DA:40,1
DA:41,4
DA:42,3
DA:44,4
LF:17
LH:17
end_of_record
SF:./movie/lib\presentation\bloc\movie_watchlist_state.dart
DA:4,4
DA:6,0
DA:7,0
DA:13,4
DA:15,2
DA:16,4
DA:22,3
DA:24,2
DA:25,4
DA:31,2
DA:33,1
DA:34,2
LF:12
LH:10
end_of_record
SF:./movie/lib\presentation\pages\movie_detail_page.dart
DA:19,2
DA:21,2
DA:22,2
DA:26,2
DA:28,2
DA:29,4
DA:30,2
DA:31,12
DA:32,12
DA:33,12
DA:37,2
DA:39,2
DA:40,2
DA:41,2
DA:42,2
DA:44,2
DA:45,2
DA:46,4
DA:48,1
DA:49,3
DA:62,2
DA:64,2
DA:66,6
DA:67,2
DA:68,2
DA:69,2
DA:70,2
DA:71,2
DA:76,2
DA:77,2
DA:78,6
DA:80,2
DA:82,0
DA:86,2
DA:87,2
DA:89,2
DA:92,2
DA:94,2
DA:100,2
DA:101,2
DA:103,2
DA:105,2
DA:106,2
DA:112,2
DA:113,2
DA:114,2
DA:115,2
DA:117,2
DA:119,2
DA:130,2
DA:131,2
DA:133,2
DA:137,2
DA:138,2
DA:140,2
DA:141,8
DA:142,2
DA:143,8
DA:144,8
DA:145,2
DA:147,4
DA:148,6
DA:150,4
DA:151,2
DA:156,2
DA:157,2
DA:158,2
DA:159,2
DA:160,6
DA:162,2
DA:166,8
DA:171,2
DA:172,2
DA:173,1
DA:174,1
DA:175,1
DA:176,1
DA:177,1
DA:178,4
DA:180,1
DA:182,3
DA:185,1
DA:186,1
DA:188,4
DA:192,2
DA:194,2
DA:195,2
DA:198,2
DA:199,1
DA:201,4
DA:203,4
DA:206,2
DA:208,2
DA:218,2
DA:219,2
DA:220,2
DA:221,2
DA:223,2
DA:224,4
DA:225,2
DA:226,2
DA:233,1
DA:234,1
DA:236,1
DA:238,1
DA:239,1
DA:240,1
DA:241,1
DA:243,1
DA:244,0
DA:247,0
DA:249,1
DA:251,1
DA:252,2
DA:253,1
DA:255,0
DA:265,2
DA:266,2
DA:267,4
DA:270,2
DA:271,2
DA:272,2
DA:273,3
DA:274,1
LF:124
LH:120
end_of_record
SF:./movie/lib\presentation\pages\popular_movies_page.dart
DA:9,1
DA:11,1
DA:12,1
DA:16,1
DA:18,1
DA:19,2
DA:20,1
DA:21,4
DA:25,1
DA:27,1
DA:28,2
DA:29,1
DA:31,1
DA:32,1
DA:33,1
DA:34,2
DA:35,1
DA:36,1
DA:37,1
DA:38,2
DA:39,1
DA:41,2
DA:43,1
DA:44,1
DA:45,1
DA:46,2
DA:49,1
LF:27
LH:27
end_of_record
SF:./movie/lib\presentation\widgets\movie_card_list.dart
DA:12,3
DA:14,3
DA:16,3
DA:18,3
DA:19,1
DA:20,1
DA:23,2
DA:26,3
DA:27,3
DA:28,3
DA:29,3
DA:30,3
DA:31,9
DA:35,6
DA:37,3
DA:40,0
DA:42,0
DA:46,3
DA:48,3
DA:49,3
DA:52,3
DA:54,3
DA:55,3
DA:61,3
DA:65,3
DA:67,3
DA:68,3
DA:69,6
DA:72,6
DA:79,3
DA:80,6
DA:83,3
DA:84,3
DA:92,15
DA:93,3
DA:96,3
DA:101,3
DA:102,3
DA:103,3
DA:105,3
DA:106,3
DA:109,3
DA:110,9
LF:43
LH:41
end_of_record
SF:./movie/lib\presentation\pages\top_rated_movies_page.dart
DA:9,1
DA:11,1
DA:12,1
DA:16,1
DA:18,1
DA:19,2
DA:20,1
DA:21,4
DA:25,1
DA:27,1
DA:28,2
DA:29,1
DA:31,1
DA:32,1
DA:33,1
DA:34,2
DA:35,1
DA:36,1
DA:37,1
DA:38,2
DA:39,1
DA:41,2
DA:43,1
DA:44,1
DA:45,1
DA:46,2
DA:49,1
LF:27
LH:27
end_of_record
SF:./tv/lib\data\datasources\tv_local_data_source.dart
DA:18,1
DA:20,1
DA:23,3
DA:26,2
DA:30,1
DA:33,3
DA:36,2
DA:40,1
DA:42,2
DA:44,1
DA:50,1
DA:52,2
DA:53,4
LF:13
LH:13
end_of_record
SF:./tv/lib\data\models\tv_model.dart
DA:5,4
DA:31,6
DA:32,3
DA:33,12
DA:34,3
DA:35,3
DA:36,3
DA:37,6
DA:38,3
DA:39,3
DA:40,3
DA:41,6
DA:42,3
DA:45,4
DA:46,2
DA:47,8
DA:48,2
DA:49,2
DA:50,2
DA:51,2
DA:52,2
DA:53,2
DA:54,2
DA:55,2
DA:56,2
DA:59,2
DA:60,2
DA:61,2
DA:62,2
DA:63,2
DA:64,2
DA:65,2
DA:66,2
DA:67,2
DA:68,2
DA:69,2
DA:70,2
DA:71,2
DA:75,3
DA:76,3
DA:77,3
DA:78,3
DA:79,3
DA:80,3
DA:81,3
DA:82,3
DA:83,3
DA:84,3
DA:85,3
DA:86,3
DA:87,3
LF:51
LH:51
end_of_record
SF:./tv/lib\data\models\tv_table.dart
DA:11,3
DA:18,4
DA:19,2
DA:20,2
DA:21,2
DA:22,2
DA:25,4
DA:26,2
DA:27,2
DA:28,2
DA:29,2
DA:32,4
DA:33,2
DA:34,2
DA:35,2
DA:36,2
DA:39,4
DA:40,2
DA:41,2
DA:42,2
DA:43,2
DA:46,3
DA:47,15
LF:23
LH:23
end_of_record
SF:./tv/lib\domain\entities\tv.dart
DA:4,12
DA:18,2
DA:43,8
DA:44,8
DA:45,8
DA:46,8
DA:47,8
DA:48,8
DA:49,8
DA:50,8
DA:51,8
DA:52,8
DA:53,8
DA:54,8
DA:55,8
LF:15
LH:15
end_of_record
SF:./tv/lib\domain\entities\tv_detail.dart
DA:6,10
DA:32,3
DA:33,3
DA:34,3
DA:35,3
DA:36,3
DA:37,3
DA:38,3
DA:39,3
DA:40,3
DA:41,3
DA:42,3
DA:43,3
DA:44,3
LF:14
LH:14
end_of_record
SF:./tv/lib\domain\entities\season_detail.dart
DA:5,5
DA:25,3
DA:26,3
DA:27,3
DA:28,3
DA:29,3
DA:30,3
DA:31,3
DA:32,3
DA:33,3
DA:34,3
LF:11
LH:11
end_of_record
SF:./tv/lib\data\models\season_detail_model.dart
DA:6,3
DA:26,2
DA:27,2
DA:28,2
DA:29,2
DA:30,2
DA:31,8
DA:32,2
DA:33,2
DA:34,2
DA:35,2
DA:36,3
DA:39,2
DA:40,1
DA:41,1
DA:42,5
DA:43,1
DA:44,1
DA:45,1
DA:46,1
DA:47,1
DA:50,2
DA:51,2
DA:52,2
DA:53,2
DA:54,10
DA:55,2
DA:56,2
DA:57,2
DA:58,2
DA:59,2
DA:63,2
DA:64,2
DA:65,2
DA:66,2
DA:67,2
DA:68,2
DA:69,2
DA:70,2
DA:71,2
DA:72,2
LF:41
LH:41
end_of_record
SF:./tv/lib\domain\entities\episode.dart
DA:4,4
DA:30,4
DA:31,4
DA:32,4
DA:33,4
DA:34,4
DA:35,4
DA:36,4
DA:37,4
DA:38,4
DA:39,4
DA:40,4
DA:41,4
DA:42,4
LF:14
LH:14
end_of_record
SF:./tv/lib\data\models\episode_model.dart
DA:5,4
DA:31,6
DA:32,3
DA:33,3
DA:34,3
DA:35,3
DA:36,3
DA:37,3
DA:38,6
DA:39,3
DA:40,3
DA:41,3
DA:42,1
DA:43,2
DA:44,2
DA:45,3
DA:46,2
DA:47,1
DA:48,2
DA:51,4
DA:52,2
DA:53,2
DA:54,2
DA:55,2
DA:56,2
DA:57,2
DA:58,2
DA:59,2
DA:60,2
DA:63,3
DA:64,3
DA:65,3
DA:66,3
DA:67,3
DA:68,3
DA:69,3
DA:70,3
DA:71,3
DA:72,3
DA:73,3
DA:74,3
DA:75,3
DA:79,3
DA:80,3
DA:81,3
DA:82,3
DA:83,3
DA:84,3
DA:85,3
DA:86,3
DA:87,3
DA:88,3
DA:89,3
DA:90,3
DA:91,3
LF:55
LH:55
end_of_record
SF:./tv/lib\data\datasources\tv_remote_data_source.dart
DA:32,1
DA:34,1
DA:36,2
DA:37,1
DA:40,2
DA:41,4
DA:43,1
DA:47,1
DA:49,4
DA:51,2
DA:52,3
DA:54,1
DA:58,1
DA:60,2
DA:61,2
DA:64,2
DA:65,4
DA:67,1
DA:71,1
DA:73,3
DA:75,2
DA:76,4
DA:78,1
DA:82,1
DA:84,2
DA:85,1
DA:88,2
DA:89,4
DA:91,1
DA:95,1
DA:97,2
DA:98,2
DA:101,2
DA:102,4
DA:104,1
DA:108,1
DA:111,2
DA:112,2
DA:115,2
DA:116,3
DA:118,1
LF:41
LH:41
end_of_record
SF:./tv/lib\data\models\tv_detail_model.dart
DA:7,3
DA:33,2
DA:34,2
DA:35,2
DA:36,2
DA:37,8
DA:39,2
DA:40,2
DA:41,2
DA:42,2
DA:43,2
DA:44,2
DA:45,4
DA:46,2
DA:47,2
DA:48,8
DA:52,2
DA:53,1
DA:54,5
DA:55,1
DA:56,1
DA:57,1
DA:58,1
DA:59,1
DA:60,1
DA:61,1
DA:62,1
DA:63,5
DA:66,2
DA:67,2
DA:68,2
DA:69,8
DA:70,2
DA:71,2
DA:72,2
DA:73,2
DA:74,2
DA:75,2
DA:76,2
DA:77,2
DA:78,8
DA:82,2
DA:83,2
DA:84,2
DA:85,2
DA:86,2
DA:87,2
DA:88,2
DA:89,2
DA:90,2
DA:91,2
DA:92,2
DA:93,2
DA:94,2
LF:54
LH:54
end_of_record
SF:./tv/lib\data\models\tv_response.dart
DA:7,2
DA:9,4
DA:10,2
DA:11,2
DA:12,6
DA:13,6
DA:17,2
DA:18,5
DA:21,1
DA:22,2
LF:10
LH:10
end_of_record
SF:./tv/lib\data\models\season_model.dart
DA:5,2
DA:23,4
DA:24,2
DA:25,2
DA:26,2
DA:27,2
DA:28,2
DA:29,2
DA:30,2
DA:33,2
DA:34,1
DA:35,1
DA:36,1
DA:37,1
DA:38,1
DA:39,1
DA:40,1
DA:43,1
DA:44,1
DA:45,1
DA:46,1
DA:47,1
DA:48,1
DA:49,1
DA:50,1
DA:51,1
DA:55,2
DA:56,2
DA:57,2
DA:58,2
DA:59,2
DA:60,2
DA:61,2
DA:62,2
DA:63,2
LF:35
LH:35
end_of_record
SF:./tv/lib\domain\entities\season.dart
DA:4,1
DA:22,1
DA:23,1
DA:24,1
DA:25,1
DA:26,1
DA:27,1
DA:28,1
DA:29,1
DA:30,1
LF:10
LH:10
end_of_record
SF:./tv/lib\data\repositories\tv_repository_impl.dart
DA:18,1
DA:23,1
DA:26,2
DA:27,5
DA:28,1
DA:29,2
DA:30,1
DA:31,2
DA:35,1
DA:38,2
DA:39,5
DA:40,1
DA:41,2
DA:42,1
DA:43,2
DA:47,1
DA:50,2
DA:51,5
DA:52,1
DA:53,2
DA:54,1
DA:55,2
DA:59,1
DA:62,2
DA:63,2
DA:64,1
DA:65,2
DA:66,1
DA:67,2
DA:71,1
DA:74,2
DA:75,3
DA:76,1
DA:77,2
DA:78,1
DA:79,2
DA:83,1
DA:86,2
DA:87,5
DA:88,1
DA:89,2
DA:90,1
DA:91,2
DA:95,1
DA:98,2
DA:99,1
DA:101,1
DA:102,1
DA:103,3
DA:109,1
DA:112,2
DA:113,1
DA:115,1
DA:116,1
DA:117,3
DA:121,1
DA:123,2
DA:127,1
DA:129,2
DA:130,5
DA:133,1
DA:138,2
DA:139,2
DA:140,1
DA:141,2
DA:142,1
DA:143,2
LF:67
LH:67
end_of_record
SF:./tv/lib\domain\usecases\get_on_the_air_tvs.dart
DA:9,1
DA:11,1
DA:12,2
LF:3
LH:3
end_of_record
SF:./tv/lib\domain\usecases\get_popular_tvs.dart
DA:9,1
DA:11,1
DA:12,2
LF:3
LH:3
end_of_record
SF:./tv/lib\domain\usecases\get_top_rated_tvs.dart
DA:9,1
DA:11,1
DA:12,2
LF:3
LH:3
end_of_record
SF:./tv/lib\domain\usecases\get_tv_detail.dart
DA:9,1
DA:11,1
DA:12,2
LF:3
LH:3
end_of_record
SF:./tv/lib\domain\usecases\get_tv_recommendations.dart
DA:9,1
DA:11,1
DA:12,2
LF:3
LH:3
end_of_record
SF:./tv/lib\domain\usecases\get_tv_season_detail.dart
DA:9,1
DA:11,1
DA:12,2
LF:3
LH:3
end_of_record
SF:./tv/lib\domain\usecases\get_watchlist_status_tv.dart
DA:6,1
DA:8,1
DA:9,2
LF:3
LH:3
end_of_record
SF:./tv/lib\domain\usecases\get_watchlist_tvs.dart
DA:9,1
DA:11,1
DA:12,2
LF:3
LH:3
end_of_record
SF:./tv/lib\domain\usecases\remove_watchlist_tv.dart
DA:9,1
DA:11,1
DA:12,2
LF:3
LH:3
end_of_record
SF:./tv/lib\domain\usecases\save_watchlist_tv.dart
DA:9,1
DA:11,1
DA:12,2
LF:3
LH:3
end_of_record
SF:./tv/lib\presentation\bloc\on_the_air_tvs_state.dart
DA:4,1
DA:6,1
DA:7,1
DA:16,1
DA:17,1
DA:18,2
DA:23,1
DA:24,1
DA:25,2
LF:9
LH:9
end_of_record
SF:./tv/lib\presentation\bloc\on_the_air_tvs_bloc.dart
DA:12,3
DA:13,2
DA:14,2
DA:15,2
DA:16,1
DA:17,4
DA:18,3
LF:7
LH:7
end_of_record
SF:./tv/lib\presentation\bloc\on_the_air_tvs_event.dart
DA:4,2
DA:6,1
DA:7,1
LF:3
LH:3
end_of_record
SF:./tv/lib\presentation\bloc\popular_tvs_state.dart
DA:4,2
DA:6,1
DA:7,1
DA:16,2
DA:17,1
DA:18,2
DA:23,2
DA:24,1
DA:25,2
LF:9
LH:9
end_of_record
SF:./tv/lib\presentation\bloc\popular_tvs_event.dart
DA:4,3
DA:6,1
DA:7,1
LF:3
LH:3
end_of_record
SF:./tv/lib\presentation\bloc\popular_tvs_bloc.dart
DA:12,3
DA:13,2
DA:14,2
DA:15,2
DA:16,1
DA:17,4
DA:18,3
LF:7
LH:7
end_of_record
SF:./tv/lib\presentation\bloc\top_rated_tvs_state.dart
DA:4,2
DA:6,1
DA:7,1
DA:16,2
DA:17,1
DA:18,2
DA:23,2
DA:24,1
DA:25,2
LF:9
LH:9
end_of_record
SF:./tv/lib\presentation\bloc\top_rated_tvs_bloc.dart
DA:12,3
DA:13,2
DA:14,2
DA:15,2
DA:16,1
DA:17,4
DA:18,3
LF:7
LH:7
end_of_record
SF:./tv/lib\presentation\bloc\top_rated_tvs_event.dart
DA:4,3
DA:6,1
DA:7,1
LF:3
LH:3
end_of_record
SF:./tv/lib\presentation\bloc\watchlist_tvs_state.dart
DA:4,2
DA:6,1
DA:7,1
DA:16,2
DA:17,1
DA:18,2
DA:23,2
DA:24,1
DA:25,2
LF:9
LH:9
end_of_record
SF:./tv/lib\presentation\bloc\watchlist_tvs_event.dart
DA:4,3
DA:6,2
DA:7,2
LF:3
LH:3
end_of_record
SF:./tv/lib\presentation\bloc\watchlist_tvs_bloc.dart
DA:12,3
DA:13,2
DA:14,2
DA:15,2
DA:16,1
DA:17,4
DA:18,3
LF:7
LH:7
end_of_record
SF:./tv/lib\presentation\bloc\tv_detail_state.dart
DA:4,2
DA:6,1
DA:7,1
DA:16,2
DA:17,1
DA:18,2
DA:23,2
DA:24,1
DA:25,2
LF:9
LH:9
end_of_record
SF:./tv/lib\presentation\bloc\tv_detail_bloc.dart
DA:12,3
DA:13,2
DA:14,2
DA:15,3
DA:16,1
DA:17,4
DA:18,3
LF:7
LH:7
end_of_record
SF:./tv/lib\presentation\bloc\tv_detail_event.dart
DA:4,3
DA:6,0
DA:7,0
DA:12,3
DA:13,1
DA:14,2
LF:6
LH:4
end_of_record
SF:./tv/lib\presentation\bloc\tv_recommendations_event.dart
DA:4,3
DA:6,0
DA:7,0
DA:13,3
DA:15,1
DA:16,2
LF:6
LH:4
end_of_record
SF:./tv/lib\presentation\bloc\tv_recommendations_state.dart
DA:4,2
DA:6,1
DA:7,1
DA:16,2
DA:17,1
DA:18,2
DA:23,2
DA:24,1
DA:25,2
LF:9
LH:9
end_of_record
SF:./tv/lib\presentation\bloc\tv_recommendations_bloc.dart
DA:12,3
DA:13,2
DA:14,2
DA:15,3
DA:16,1
DA:17,4
DA:18,3
LF:7
LH:7
end_of_record
SF:./tv/lib\presentation\bloc\season_detail_event.dart
DA:4,3
DA:6,0
DA:7,0
DA:13,3
DA:14,1
DA:15,3
LF:6
LH:4
end_of_record
SF:./tv/lib\presentation\bloc\season_detail_bloc.dart
DA:12,3
DA:13,2
DA:14,2
DA:15,4
DA:16,1
DA:17,4
DA:18,3
LF:7
LH:7
end_of_record
SF:./tv/lib\presentation\bloc\season_detail_state.dart
DA:4,2
DA:6,1
DA:7,1
DA:16,2
DA:17,1
DA:18,2
DA:23,2
DA:24,1
DA:25,2
LF:9
LH:9
end_of_record
SF:./tv/lib\presentation\bloc\tv_watchlist_event.dart
DA:4,3
DA:6,0
DA:7,0
DA:12,3
DA:13,1
DA:14,2
DA:19,3
DA:20,1
DA:21,2
DA:26,2
DA:27,1
DA:28,2
LF:12
LH:10
end_of_record
SF:./tv/lib\presentation\bloc\tv_watchlist_state.dart
DA:4,3
DA:6,0
DA:7,0
DA:12,3
DA:13,2
DA:14,4
DA:19,3
DA:20,2
DA:21,4
DA:26,2
DA:27,1
DA:28,2
LF:12
LH:10
end_of_record
SF:./tv/lib\presentation\bloc\tv_watchlist_bloc.dart
DA:19,1
DA:23,2
DA:24,2
DA:25,3
DA:26,2
DA:29,2
DA:30,3
DA:31,1
DA:32,4
DA:33,3
DA:35,4
DA:38,2
DA:39,3
DA:40,1
DA:41,0
DA:42,3
DA:44,4
LF:17
LH:16
end_of_record
SF:./tv/lib\presentation\pages\episode_detail_page.dart
DA:12,1
DA:14,1
DA:15,1
DA:17,1
DA:18,2
DA:24,1
DA:26,1
DA:27,1
DA:28,3
DA:30,1
DA:31,1
DA:33,1
DA:34,2
DA:35,1
DA:37,3
DA:40,1
DA:43,0
DA:45,1
DA:51,1
DA:53,1
DA:55,1
DA:56,1
DA:57,5
DA:58,1
DA:61,1
DA:62,1
DA:65,4
DA:69,1
DA:70,5
DA:74,2
DA:76,1
DA:77,3
DA:78,2
DA:82,4
DA:83,2
DA:85,4
DA:88,4
DA:89,2
DA:91,4
LF:39
LH:38
end_of_record
SF:./tv/lib\presentation\pages\popular_tvs_page.dart
DA:9,1
DA:11,1
DA:12,1
DA:16,1
DA:18,1
DA:19,2
DA:20,1
DA:21,4
DA:25,1
DA:27,1
DA:28,2
DA:29,1
DA:31,1
DA:32,1
DA:33,1
DA:34,2
DA:35,1
DA:36,1
DA:37,1
DA:38,2
DA:39,1
DA:41,2
DA:43,1
DA:44,1
DA:45,1
DA:46,2
DA:49,1
LF:27
LH:27
end_of_record
SF:./tv/lib\presentation\widgets\tv_card_list.dart
DA:12,4
DA:14,4
DA:16,4
DA:18,4
DA:19,1
DA:20,1
DA:23,2
DA:26,4
DA:27,4
DA:28,4
DA:29,4
DA:30,4
DA:31,12
DA:35,8
DA:37,4
DA:40,0
DA:42,0
DA:46,4
DA:48,4
DA:49,4
DA:52,4
DA:54,4
DA:55,4
DA:61,4
DA:65,4
DA:67,4
DA:68,4
DA:69,8
DA:72,8
DA:79,4
DA:80,8
DA:83,4
DA:84,4
DA:92,20
DA:93,4
DA:96,4
DA:101,4
DA:102,4
DA:103,4
DA:105,4
DA:106,4
DA:109,4
DA:110,12
LF:43
LH:41
end_of_record
SF:./tv/lib\presentation\pages\season_detail_page.dart
DA:14,1
DA:21,1
DA:23,1
DA:24,1
DA:28,1
DA:30,1
DA:31,2
DA:32,1
DA:33,10
DA:37,1
DA:38,1
DA:40,1
DA:41,2
DA:47,1
DA:49,1
DA:50,1
DA:51,5
DA:53,1
DA:54,1
DA:55,1
DA:57,1
DA:58,1
DA:59,1
DA:60,1
DA:62,1
DA:64,1
DA:65,3
DA:67,1
DA:68,1
DA:71,3
DA:75,3
DA:79,1
DA:80,2
DA:81,1
DA:86,2
DA:88,1
DA:89,1
DA:91,1
DA:92,1
DA:93,1
DA:94,1
DA:95,1
DA:96,1
DA:97,1
DA:98,1
DA:104,1
DA:105,1
DA:107,2
DA:110,1
DA:114,0
DA:121,1
DA:122,3
DA:123,1
DA:126,1
DA:128,1
DA:129,1
DA:133,3
DA:140,1
DA:141,1
DA:142,1
DA:148,1
DA:149,2
DA:150,1
DA:165,1
DA:166,3
LF:65
LH:64
end_of_record
SF:./tv/lib\presentation\pages\tv_detail_page.dart
DA:21,1
DA:23,1
DA:24,1
DA:28,1
DA:30,1
DA:31,2
DA:32,1
DA:33,6
DA:34,6
DA:35,6
DA:39,1
DA:41,1
DA:42,1
DA:43,1
DA:44,1
DA:46,1
DA:47,1
DA:48,2
DA:50,1
DA:51,3
DA:64,1
DA:66,1
DA:68,3
DA:69,1
DA:70,1
DA:71,1
DA:72,1
DA:73,1
DA:78,1
DA:79,1
DA:80,3
DA:82,1
DA:84,0
DA:88,1
DA:89,1
DA:91,1
DA:94,1
DA:96,2
DA:102,1
DA:103,1
DA:105,1
DA:107,1
DA:108,1
DA:114,1
DA:115,1
DA:116,1
DA:117,1
DA:119,1
DA:121,1
DA:132,1
DA:133,1
DA:135,1
DA:139,1
DA:140,1
DA:142,1
DA:143,4
DA:144,1
DA:145,4
DA:146,1
DA:148,2
DA:149,3
DA:151,2
DA:152,1
DA:154,2
DA:155,1
DA:160,1
DA:161,1
DA:162,1
DA:163,1
DA:164,3
DA:166,1
DA:170,4
DA:175,1
DA:176,1
DA:177,1
DA:178,1
DA:179,1
DA:180,1
DA:181,1
DA:182,4
DA:184,1
DA:186,3
DA:189,1
DA:190,1
DA:192,4
DA:196,1
DA:198,1
DA:199,1
DA:202,1
DA:203,1
DA:205,4
DA:207,0
DA:210,1
DA:212,1
DA:222,1
DA:223,3
DA:224,0
DA:226,0
DA:228,0
DA:229,0
DA:230,0
DA:235,0
DA:236,0
DA:237,0
DA:238,0
DA:241,0
DA:242,0
DA:243,0
DA:247,0
DA:249,0
DA:250,0
DA:251,0
DA:252,0
DA:254,0
DA:256,0
DA:258,0
DA:260,0
DA:263,0
DA:270,0
DA:271,0
DA:272,0
DA:281,1
DA:282,1
DA:283,1
DA:284,1
DA:286,1
DA:287,2
DA:288,1
DA:289,2
DA:296,1
DA:297,1
DA:299,1
DA:301,1
DA:302,1
DA:303,1
DA:304,1
DA:306,1
DA:307,0
DA:310,0
DA:312,1
DA:314,1
DA:315,2
DA:316,1
DA:318,0
DA:328,1
DA:329,1
DA:330,0
LF:147
LH:116
end_of_record
SF:./tv/lib\presentation\pages\top_rated_tvs_page.dart
DA:9,1
DA:11,1
DA:12,1
DA:16,1
DA:18,1
DA:19,2
DA:20,1
DA:21,4
DA:25,1
DA:27,1
DA:28,2
DA:29,1
DA:31,1
DA:32,1
DA:33,1
DA:34,2
DA:35,1
DA:36,1
DA:37,1
DA:38,2
DA:39,1
DA:41,2
DA:43,1
DA:44,1
DA:45,1
DA:46,2
DA:49,1
LF:27
LH:27
end_of_record
SF:./tv/lib\presentation\pages\watchlist_tvs_page.dart
DA:8,1
DA:10,1
DA:11,1
DA:15,1
DA:17,1
DA:18,2
DA:19,1
DA:20,4
DA:24,1
DA:26,1
DA:27,4
DA:30,1
DA:32,4
DA:35,1
DA:37,1
DA:39,1
DA:40,1
DA:41,1
DA:42,2
DA:43,1
DA:44,2
DA:45,1
DA:46,1
DA:48,1
DA:49,1
DA:50,1
DA:51,1
DA:53,1
DA:59,1
DA:60,1
DA:61,2
DA:62,1
DA:64,2
DA:66,1
DA:67,4
DA:69,1
DA:76,1
DA:78,2
DA:79,1
LF:39
LH:39
end_of_record
